2019/10/20 13:52:09 User Service started
2019/10/20 13:52:17 User module received email address :  msachithnalaka@yahoo.com
2019/10/20 13:52:17 Email is not accociate with an account
2019/10/20 13:52:27 Sent register mail to  msachithnalaka@yahoo.com
2019/10/20 13:55:24 User Service started
2019/10/20 13:55:32 User module received email address :  msachithnalaka@yahoo.com
2019/10/20 13:55:32 Email is not accociate with an account
2019/10/20 13:55:41 Sent register mail to  msachithnalaka@yahoo.com
2019/10/20 13:57:57 User Service started
2019/10/23 00:01:41 User Service started
2019/10/29 14:33:31 User Service started
2019/11/26 23:40:15 User Service started
2019/11/26 23:40:31 User module received email address :  sachithnalaka@gmail.com
2019/11/26 23:40:31 User has an account for  sachithnalaka@gmail.com
2019/11/26 23:40:42 Sent Login mail to  sachithnalaka@gmail.com
2019/11/27 00:12:13 User Service started
2019/11/27 00:20:17 User Service started
2019/11/27 00:20:52 User module received email address :  sachithnalaka@gmail.com
2019/11/27 00:20:52 User has an account for  sachithnalaka@gmail.com
2019/11/27 00:21:03 Sent Login mail to  sachithnalaka@gmail.com
2019/11/27 23:27:08 User Service started
